* Starting client
* Connecting to master process on port 8071
* Analyzing classpath: 
  - C:\Users\Miles\Documents\GitHub\CS362-001-SP17\projects\daviesmi\assignment-1\target\test-classes
  - C:\Users\Miles\Documents\GitHub\CS362-001-SP17\projects\daviesmi\assignment-1\target\classes
  - C:\Users\Miles\.m2\repository\junit\junit\4.12\junit-4.12.jar
  - C:\Users\Miles\.m2\repository\org\hamcrest\hamcrest-core\1.3\hamcrest-core-1.3.jar
* Finished analyzing classpath
* Generating tests for class edu.osu.cs362.WarmUp
* Test criteria:
  - Line Coverage
  - Branch Coverage
  - Exception
  - Mutation testing (weak)
  - Method-Output Coverage
  - Top-Level Method Coverage
  - No-Exception Top-Level Method Coverage
  - Context Branch Coverage
* Setting up search algorithm for whole suite generation
[MASTER] 22:15:01.280 [pool-2-thread-1] WARN  TestSuiteSerialization - Cannot load tests because file does not exist: C:\Users\Miles\Documents\GitHub\CS362-001-SP17\projects\daviesmi\assignment-1\.evosuite\evosuite-seeds\edu.osu.cs362.WarmUp.seed
* Total number of test goals: 
  - Line 24
  - Branch 25
  - Exception 0
  - MutationFactory 137
  - Output 15
  - Method 6
  - MethodNoException 6
  - CBranchFitnessFactory 25
* Using seed 1492492498732
* Starting evolution
* Search finished after 66s and 1001 generations, 269957 statements, best individual has fitness: 4.166666666666667
* Writing sequences to pool
* Minimizing test suite
* Going to analyze the coverage criteria
* Coverage analysis for criterion LINE
* Coverage of criterion LINE: 100%
* Total number of goals: 24
* Number of covered goals: 24
* Coverage analysis for criterion BRANCH
* Coverage of criterion BRANCH: 100%
* Total number of goals: 25
* Number of covered goals: 25
* Coverage analysis for criterion EXCEPTION
* Coverage of criterion EXCEPTION: 100%
* Total number of goals: 5
* Number of covered goals: 5
* Coverage analysis for criterion WEAKMUTATION
* Coverage of criterion WEAKMUTATION: 98%
* Total number of goals: 137
* Number of covered goals: 134
* Coverage analysis for criterion OUTPUT
* Coverage of criterion OUTPUT: 67%
* Total number of goals: 15
* Number of covered goals: 10
* Coverage analysis for criterion METHOD
* Coverage of criterion METHOD: 100%
* Total number of goals: 6
* Number of covered goals: 6
* Coverage analysis for criterion METHODNOEXCEPTION
* Coverage of criterion METHODNOEXCEPTION: 100%
* Total number of goals: 6
* Number of covered goals: 6
* Coverage analysis for criterion CBRANCH
* Coverage of criterion CBRANCH: 100%
* Total number of goals: 25
* Number of covered goals: 25
* Generated 22 tests with total length 46
* Resulting test suite's coverage: 96% (average coverage for all fitness functions)
* Generating assertions
* Resulting test suite's mutation score: 82%
* Compiling and checking tests
* Writing JUnit test case 'WarmUp_ESTest' to C:\Users\Miles\Documents\GitHub\CS362-001-SP17\projects\daviesmi\assignment-1\.evosuite\tmp_2017_04_17_22_14_56\tests
* Done!

