* Starting client
* Connecting to master process on port 19853
* Analyzing classpath: 
  - C:\Users\Miles\Documents\GitHub\CS362-001-SP17\projects\daviesmi\assignment-1\target\test-classes
  - C:\Users\Miles\Documents\GitHub\CS362-001-SP17\projects\daviesmi\assignment-1\target\classes
  - C:\Users\Miles\.m2\repository\junit\junit\4.12\junit-4.12.jar
  - C:\Users\Miles\.m2\repository\org\hamcrest\hamcrest-core\1.3\hamcrest-core-1.3.jar
* Finished analyzing classpath
* Generating tests for class edu.osu.cs362.FreqTableExampleOriginal
* Test criteria:
  - Line Coverage
  - Branch Coverage
  - Exception
  - Mutation testing (weak)
  - Method-Output Coverage
  - Top-Level Method Coverage
  - No-Exception Top-Level Method Coverage
  - Context Branch Coverage
* Setting up search algorithm for whole suite generation
[MASTER] 22:15:01.498 [pool-2-thread-1] WARN  TestSuiteSerialization - Cannot load tests because file does not exist: C:\Users\Miles\Documents\GitHub\CS362-001-SP17\projects\daviesmi\assignment-1\.evosuite\evosuite-seeds\edu.osu.cs362.FreqTableExampleOriginal.seed
* Total number of test goals: 
  - Line 54
  - Branch 29
  - Exception 0
  - MutationFactory 148
  - Output 6
  - Method 4
  - MethodNoException 4
  - CBranchFitnessFactory 29
* Using seed 1492492498732
* Starting evolution
* Search finished after 66s and 279 generations, 79144 statements, best individual has fitness: 41.489304812834234
* Writing sequences to pool
* Minimizing test suite
* Going to analyze the coverage criteria
* Coverage analysis for criterion LINE
* Coverage of criterion LINE: 96%
* Total number of goals: 54
* Number of covered goals: 52
* Coverage analysis for criterion BRANCH
* Coverage of criterion BRANCH: 83%
* Total number of goals: 29
* Number of covered goals: 24
* Coverage analysis for criterion EXCEPTION
* Coverage of criterion EXCEPTION: 80%
* Total number of goals: 5
* Number of covered goals: 4
* Coverage analysis for criterion WEAKMUTATION
* Coverage of criterion WEAKMUTATION: 86%
* Total number of goals: 148
* Number of covered goals: 127
* Coverage analysis for criterion OUTPUT
* Coverage of criterion OUTPUT: 33%
* Total number of goals: 6
* Number of covered goals: 2
* Coverage analysis for criterion METHOD
* Coverage of criterion METHOD: 100%
* Total number of goals: 4
* Number of covered goals: 4
* Coverage analysis for criterion METHODNOEXCEPTION
* Coverage of criterion METHODNOEXCEPTION: 100%
* Total number of goals: 4
* Number of covered goals: 4
* Coverage analysis for criterion CBRANCH
* Coverage of criterion CBRANCH: 52%
* Total number of goals: 29
* Number of covered goals: 15
* Generated 11 tests with total length 30
* Resulting test suite's coverage: 83% (average coverage for all fitness functions)
* Generating assertions
* Resulting test suite's mutation score: 18%
* Compiling and checking tests
* Permissions denied during test execution: 
  - java.net.SocketPermission: 
         resolve www.utexas.edu: 1
* Writing JUnit test case 'FreqTableExampleOriginal_ESTest' to C:\Users\Miles\Documents\GitHub\CS362-001-SP17\projects\daviesmi\assignment-1\.evosuite\tmp_2017_04_17_22_14_56\tests
* Done!

