* Starting client
* Connecting to master process on port 8070
* Analyzing classpath: 
  - C:\Users\Miles\Documents\GitHub\CS362-001-SP17\projects\daviesmi\assignment-1\target\test-classes
  - C:\Users\Miles\Documents\GitHub\CS362-001-SP17\projects\daviesmi\assignment-1\target\classes
  - C:\Users\Miles\.m2\repository\junit\junit\4.12\junit-4.12.jar
  - C:\Users\Miles\.m2\repository\org\hamcrest\hamcrest-core\1.3\hamcrest-core-1.3.jar
* Finished analyzing classpath
* Generating tests for class edu.osu.cs362.Stack
* Test criteria:
  - Line Coverage
  - Branch Coverage
  - Exception
  - Mutation testing (weak)
  - Method-Output Coverage
  - Top-Level Method Coverage
  - No-Exception Top-Level Method Coverage
  - Context Branch Coverage
* Setting up search algorithm for whole suite generation
[MASTER] 22:15:01.382 [pool-2-thread-1] WARN  TestSuiteSerialization - Cannot load tests because file does not exist: C:\Users\Miles\Documents\GitHub\CS362-001-SP17\projects\daviesmi\assignment-1\.evosuite\evosuite-seeds\edu.osu.cs362.Stack.seed
* Total number of test goals: 
  - Line 20
  - Branch 12
  - Exception 0
  - MutationFactory 59
  - Output 6
  - Method 4
  - MethodNoException 4
  - CBranchFitnessFactory 12
* Using seed 1492492498783
* Starting evolution
* Search finished after 66s and 1672 generations, 230668 statements, best individual has fitness: 8.75
* Writing sequences to pool
* Minimizing test suite
* Going to analyze the coverage criteria
* Coverage analysis for criterion LINE
* Coverage of criterion LINE: 95%
* Total number of goals: 20
* Number of covered goals: 19
* Coverage analysis for criterion BRANCH
* Coverage of criterion BRANCH: 92%
* Total number of goals: 12
* Number of covered goals: 11
* Coverage analysis for criterion EXCEPTION
* Coverage of criterion EXCEPTION: 100%
* Total number of goals: 3
* Number of covered goals: 3
* Coverage analysis for criterion WEAKMUTATION
* Coverage of criterion WEAKMUTATION: 92%
* Total number of goals: 59
* Number of covered goals: 54
* Coverage analysis for criterion OUTPUT
* Coverage of criterion OUTPUT: 100%
* Total number of goals: 6
* Number of covered goals: 6
* Coverage analysis for criterion METHOD
* Coverage of criterion METHOD: 100%
* Total number of goals: 4
* Number of covered goals: 4
* Coverage analysis for criterion METHODNOEXCEPTION
* Coverage of criterion METHODNOEXCEPTION: 100%
* Total number of goals: 4
* Number of covered goals: 4
* Coverage analysis for criterion CBRANCH
* Coverage of criterion CBRANCH: 92%
* Total number of goals: 12
* Number of covered goals: 11
* Generated 9 tests with total length 36
* Resulting test suite's coverage: 96% (average coverage for all fitness functions)
* Generating assertions
* Resulting test suite's mutation score: 59%
* Compiling and checking tests
* Writing JUnit test case 'Stack_ESTest' to C:\Users\Miles\Documents\GitHub\CS362-001-SP17\projects\daviesmi\assignment-1\.evosuite\tmp_2017_04_17_22_14_56\tests
* Done!

